2025-04-03 21:25:48,006 INFO supervisord started with pid 1
2025-04-03 21:25:49,009 INFO spawned: 'cron' with pid 7
2025-04-03 21:25:49,011 INFO spawned: 'php-fpm' with pid 8
2025-04-03 21:25:49,014 WARN exited: cron (exit status 1; not expected)
2025-04-03 21:25:50,053 INFO spawned: 'cron' with pid 11
2025-04-03 21:25:50,054 INFO success: php-fpm entered RUNNING state, process has stayed up for > than 1 seconds (startsecs)
2025-04-03 21:25:50,057 WARN exited: cron (exit status 1; not expected)
2025-04-03 21:25:52,061 INFO spawned: 'cron' with pid 12
2025-04-03 21:25:52,065 WARN exited: cron (exit status 1; not expected)
2025-04-03 21:25:55,070 INFO spawned: 'cron' with pid 13
2025-04-03 21:25:55,073 WARN exited: cron (exit status 1; not expected)
2025-04-03 21:25:56,074 INFO gave up: cron entered FATAL state, too many start retries too quickly
2025-04-03 21:31:52,491 WARN received SIGQUIT indicating exit request
2025-04-03 21:31:52,492 INFO waiting for php-fpm to die
2025-04-03 21:31:52,498 INFO stopped: php-fpm (exit status 0)
2025-04-03 21:31:56,859 INFO supervisord started with pid 1
2025-04-03 21:31:57,862 INFO spawned: 'cron' with pid 7
2025-04-03 21:31:57,864 INFO spawned: 'php-fpm' with pid 8
2025-04-03 21:31:57,891 WARN exited: cron (exit status 1; not expected)
2025-04-03 21:31:58,906 INFO spawned: 'cron' with pid 11
2025-04-03 21:31:58,906 INFO success: php-fpm entered RUNNING state, process has stayed up for > than 1 seconds (startsecs)
2025-04-03 21:31:58,906 WARN received SIGQUIT indicating exit request
2025-04-03 21:31:58,907 INFO waiting for cron, php-fpm to die
2025-04-03 21:31:58,910 WARN exited: cron (exit status 1; not expected)
2025-04-03 21:31:58,913 INFO stopped: php-fpm (exit status 0)
2025-04-03 21:35:09,288 CRIT Supervisor is running as root.  Privileges were not dropped because no user is specified in the config file.  If you intend to run as root, you can set user=root in the config file to avoid this message.
2025-04-03 21:35:09,289 INFO supervisord started with pid 1
2025-04-03 21:35:10,319 INFO spawned: 'cron' with pid 7
2025-04-03 21:35:10,320 INFO spawned: 'php-fpm' with pid 8
2025-04-03 21:35:11,362 INFO success: cron entered RUNNING state, process has stayed up for > than 1 seconds (startsecs)
2025-04-03 21:35:11,362 INFO success: php-fpm entered RUNNING state, process has stayed up for > than 1 seconds (startsecs)
